Maximum number of threads: 12
Time taken by init for n = 10000 and p = 1
==================== TIMER SUMMARY =========================================
label               	calls     	total time	mean time 
----------------------------------------------
============================================================================
Time taken by init for n = 100000 and p = 1
==================== TIMER SUMMARY =========================================
label               	calls     	total time	mean time 
----------------------------------------------
                init	         2	7.2917e-05	3.64585e-05
============================================================================
Time taken by init for n = 10000 and p = 2
==================== TIMER SUMMARY =========================================
label               	calls     	total time	mean time 
----------------------------------------------
                init	         4	0.000821873	0.000205468
============================================================================
Time taken by init for n = 100000 and p = 2
==================== TIMER SUMMARY =========================================
label               	calls     	total time	mean time 
----------------------------------------------
                init	         6	0.00103667	0.000172778
============================================================================
Time taken by init for n = 10000 and p = 3
==================== TIMER SUMMARY =========================================
label               	calls     	total time	mean time 
----------------------------------------------
                init	         8	0.00142144	0.00017768
============================================================================
Time taken by init for n = 100000 and p = 3
==================== TIMER SUMMARY =========================================
label               	calls     	total time	mean time 
----------------------------------------------
                init	        10	0.00150915	0.000150915
============================================================================
Time taken by init for n = 10000 and p = 4
==================== TIMER SUMMARY =========================================
label               	calls     	total time	mean time 
----------------------------------------------
                init	        12	0.00155452	0.000129544
============================================================================
Time taken by init for n = 100000 and p = 4
==================== TIMER SUMMARY =========================================
label               	calls     	total time	mean time 
----------------------------------------------
                init	        14	0.00163405	0.000116718
============================================================================
Time taken by init for n = 10000 and p = 5
==================== TIMER SUMMARY =========================================
label               	calls     	total time	mean time 
----------------------------------------------
                init	        16	0.00167007	0.000104379
============================================================================
Time taken by init for n = 100000 and p = 5
==================== TIMER SUMMARY =========================================
label               	calls     	total time	mean time 
----------------------------------------------
                init	        18	 0.0017752	9.8622e-05
============================================================================
Time taken by init for n = 10000 and p = 6
==================== TIMER SUMMARY =========================================
label               	calls     	total time	mean time 
----------------------------------------------
                init	        20	0.00186848	9.34241e-05
============================================================================
Time taken by init for n = 100000 and p = 6
==================== TIMER SUMMARY =========================================
label               	calls     	total time	mean time 
----------------------------------------------
                init	        22	 0.0020916	9.50728e-05
============================================================================
Time taken by init for n = 10000 and p = 7
==================== TIMER SUMMARY =========================================
label               	calls     	total time	mean time 
----------------------------------------------
                init	        24	0.00217465	9.06103e-05
============================================================================
Time taken by init for n = 100000 and p = 7
==================== TIMER SUMMARY =========================================
label               	calls     	total time	mean time 
----------------------------------------------
                init	        26	 0.0023694	9.11306e-05
============================================================================
Time taken by init for n = 10000 and p = 8
==================== TIMER SUMMARY =========================================
label               	calls     	total time	mean time 
----------------------------------------------
                init	        28	0.00245099	8.75353e-05
============================================================================
Time taken by init for n = 100000 and p = 8
==================== TIMER SUMMARY =========================================
label               	calls     	total time	mean time 
----------------------------------------------
                init	        30	0.00254304	8.47681e-05
============================================================================
Time taken by init for n = 10000 and p = 9
==================== TIMER SUMMARY =========================================
label               	calls     	total time	mean time 
----------------------------------------------
                init	        32	0.00258795	8.08733e-05
============================================================================
Time taken by init for n = 100000 and p = 9
==================== TIMER SUMMARY =========================================
label               	calls     	total time	mean time 
----------------------------------------------
                init	        34	0.00276556	8.13399e-05
============================================================================
Time taken by init for n = 10000 and p = 10
==================== TIMER SUMMARY =========================================
label               	calls     	total time	mean time 
----------------------------------------------
                init	        36	0.00280606	7.7946e-05
============================================================================
Time taken by init for n = 100000 and p = 10
==================== TIMER SUMMARY =========================================
label               	calls     	total time	mean time 
----------------------------------------------
                init	        38	0.00300339	7.90367e-05
============================================================================
Time taken by init for n = 10000 and p = 11
==================== TIMER SUMMARY =========================================
label               	calls     	total time	mean time 
----------------------------------------------
                init	        40	0.00304028	7.60069e-05
============================================================================
Time taken by init for n = 100000 and p = 11
==================== TIMER SUMMARY =========================================
label               	calls     	total time	mean time 
----------------------------------------------
                init	        42	0.00312742	7.44625e-05
============================================================================
Time taken by init for n = 10000 and p = 12
==================== TIMER SUMMARY =========================================
label               	calls     	total time	mean time 
----------------------------------------------
                init	        44	0.00316994	7.20441e-05
============================================================================
Time taken by init for n = 100000 and p = 12
==================== TIMER SUMMARY =========================================
label               	calls     	total time	mean time 
----------------------------------------------
                init	        46	0.00333605	7.25229e-05
============================================================================
