Maximum number of threads: 12
Time taken by init for n = 30000 and p = 1
==================== TIMER SUMMARY =========================================
label               	calls     	total time	mean time 
----------------------------------------------
============================================================================
Time taken by init for n = 300000 and p = 1
==================== TIMER SUMMARY =========================================
label               	calls     	total time	mean time 
----------------------------------------------
                init	         2	0.000270402	0.000135201
============================================================================
Time taken by init for n = 30000 and p = 2
==================== TIMER SUMMARY =========================================
label               	calls     	total time	mean time 
----------------------------------------------
                init	         4	0.00240337	0.000600841
============================================================================
Time taken by init for n = 300000 and p = 2
==================== TIMER SUMMARY =========================================
label               	calls     	total time	mean time 
----------------------------------------------
                init	         6	0.00273512	0.000455853
============================================================================
Time taken by init for n = 30000 and p = 3
==================== TIMER SUMMARY =========================================
label               	calls     	total time	mean time 
----------------------------------------------
                init	         8	0.00379931	0.000474913
============================================================================
Time taken by init for n = 300000 and p = 3
==================== TIMER SUMMARY =========================================
label               	calls     	total time	mean time 
----------------------------------------------
                init	        10	0.00398337	0.000398337
============================================================================
Time taken by init for n = 30000 and p = 4
==================== TIMER SUMMARY =========================================
label               	calls     	total time	mean time 
----------------------------------------------
                init	        12	0.00411228	0.00034269
============================================================================
Time taken by init for n = 300000 and p = 4
==================== TIMER SUMMARY =========================================
label               	calls     	total time	mean time 
----------------------------------------------
                init	        14	0.00428901	0.000306358
============================================================================
Time taken by init for n = 30000 and p = 5
==================== TIMER SUMMARY =========================================
label               	calls     	total time	mean time 
----------------------------------------------
                init	        16	0.00443684	0.000277302
============================================================================
Time taken by init for n = 300000 and p = 5
==================== TIMER SUMMARY =========================================
label               	calls     	total time	mean time 
----------------------------------------------
                init	        18	0.00461566	0.000256425
============================================================================
Time taken by init for n = 30000 and p = 6
==================== TIMER SUMMARY =========================================
label               	calls     	total time	mean time 
----------------------------------------------
                init	        20	0.00472113	0.000236056
============================================================================
Time taken by init for n = 300000 and p = 6
==================== TIMER SUMMARY =========================================
label               	calls     	total time	mean time 
----------------------------------------------
                init	        22	0.00485649	0.00022075
============================================================================
Time taken by init for n = 30000 and p = 7
==================== TIMER SUMMARY =========================================
label               	calls     	total time	mean time 
----------------------------------------------
                init	        24	 0.0050277	0.000209487
============================================================================
Time taken by init for n = 300000 and p = 7
==================== TIMER SUMMARY =========================================
label               	calls     	total time	mean time 
----------------------------------------------
                init	        26	0.00513732	0.000197589
============================================================================
Time taken by init for n = 30000 and p = 8
==================== TIMER SUMMARY =========================================
label               	calls     	total time	mean time 
----------------------------------------------
                init	        28	0.00528185	0.000188637
============================================================================
Time taken by init for n = 300000 and p = 8
==================== TIMER SUMMARY =========================================
label               	calls     	total time	mean time 
----------------------------------------------
                init	        30	0.00538587	0.000179529
============================================================================
Time taken by init for n = 30000 and p = 9
==================== TIMER SUMMARY =========================================
label               	calls     	total time	mean time 
----------------------------------------------
                init	        32	 0.0055021	0.000171941
============================================================================
Time taken by init for n = 300000 and p = 9
==================== TIMER SUMMARY =========================================
label               	calls     	total time	mean time 
----------------------------------------------
                init	        34	0.00559957	0.000164693
============================================================================
Time taken by init for n = 30000 and p = 10
==================== TIMER SUMMARY =========================================
label               	calls     	total time	mean time 
----------------------------------------------
                init	        36	0.00569828	0.000158286
============================================================================
Time taken by init for n = 300000 and p = 10
==================== TIMER SUMMARY =========================================
label               	calls     	total time	mean time 
----------------------------------------------
                init	        38	0.00587913	0.000154714
============================================================================
Time taken by init for n = 30000 and p = 11
==================== TIMER SUMMARY =========================================
label               	calls     	total time	mean time 
----------------------------------------------
                init	        40	0.00597562	0.00014939
============================================================================
Time taken by init for n = 300000 and p = 11
==================== TIMER SUMMARY =========================================
label               	calls     	total time	mean time 
----------------------------------------------
                init	        42	0.00616296	0.000146737
============================================================================
Time taken by init for n = 30000 and p = 12
==================== TIMER SUMMARY =========================================
label               	calls     	total time	mean time 
----------------------------------------------
                init	        44	0.00626489	0.000142384
============================================================================
Time taken by init for n = 300000 and p = 12
==================== TIMER SUMMARY =========================================
label               	calls     	total time	mean time 
----------------------------------------------
                init	        46	0.00635639	0.000138182
============================================================================
Time taken by dot for n = 30000 and p = 1
==================== TIMER SUMMARY =========================================
label               	calls     	total time	mean time 
----------------------------------------------
                init	        48	0.00645234	0.000134424
============================================================================
Time taken by dot for n = 300000 and p = 1
==================== TIMER SUMMARY =========================================
label               	calls     	total time	mean time 
----------------------------------------------
                 dot	         2	9.69709e-05	4.84855e-05
                init	        48	0.00645234	0.000134424
============================================================================
Time taken by dot for n = 30000 and p = 2
==================== TIMER SUMMARY =========================================
label               	calls     	total time	mean time 
----------------------------------------------
                 dot	         4	0.00159101	0.000397752
                init	        48	0.00645234	0.000134424
============================================================================
Time taken by dot for n = 300000 and p = 2
==================== TIMER SUMMARY =========================================
label               	calls     	total time	mean time 
----------------------------------------------
                 dot	         6	0.00171953	0.000286588
                init	        48	0.00645234	0.000134424
============================================================================
Time taken by dot for n = 30000 and p = 3
==================== TIMER SUMMARY =========================================
label               	calls     	total time	mean time 
----------------------------------------------
                 dot	         8	 0.0027377	0.000342213
                init	        48	0.00645234	0.000134424
============================================================================
Time taken by dot for n = 300000 and p = 3
==================== TIMER SUMMARY =========================================
label               	calls     	total time	mean time 
----------------------------------------------
                 dot	        10	0.00286763	0.000286763
                init	        48	0.00645234	0.000134424
============================================================================
Time taken by dot for n = 30000 and p = 4
==================== TIMER SUMMARY =========================================
label               	calls     	total time	mean time 
----------------------------------------------
                 dot	        12	0.00362406	0.000302005
                init	        48	0.00645234	0.000134424
============================================================================
Time taken by dot for n = 300000 and p = 4
==================== TIMER SUMMARY =========================================
label               	calls     	total time	mean time 
----------------------------------------------
                 dot	        14	0.00372067	0.000265762
                init	        48	0.00645234	0.000134424
============================================================================
Time taken by dot for n = 30000 and p = 5
==================== TIMER SUMMARY =========================================
label               	calls     	total time	mean time 
----------------------------------------------
                 dot	        16	0.00433223	0.000270764
                init	        48	0.00645234	0.000134424
============================================================================
Time taken by dot for n = 300000 and p = 5
==================== TIMER SUMMARY =========================================
label               	calls     	total time	mean time 
----------------------------------------------
                 dot	        18	0.00442746	0.00024597
                init	        48	0.00645234	0.000134424
============================================================================
Time taken by dot for n = 30000 and p = 6
==================== TIMER SUMMARY =========================================
label               	calls     	total time	mean time 
----------------------------------------------
srun: error: cmp213: task 0: Aborted (core dumped)
                 dot	        20	0.00495326	0.000247663
                init	        48	0.00645234	0.000134424
srun: launch/slurm: _step_signal: Terminating StepId=2214657.0
============================================================================
Time taken by dot for n = 300000 and p = 6
==================== TIMER SUMMARY =========================================
label               	calls     	total time	mean time 
----------------------------------------------
                 dot	        22	0.00505064	0.000229574
                init	        48	0.00645234	0.000134424
============================================================================
Time taken by dot for n = 30000 and p = 7
==================== TIMER SUMMARY =========================================
label               	calls     	total time	mean time 
----------------------------------------------
                 dot	        24	 0.0057672	 0.0002403
                init	        48	0.00645234	0.000134424
============================================================================
Time taken by dot for n = 300000 and p = 7
==================== TIMER SUMMARY =========================================
label               	calls     	total time	mean time 
----------------------------------------------
                 dot	        26	0.00587348	0.000225903
                init	        48	0.00645234	0.000134424
============================================================================
Time taken by dot for n = 30000 and p = 8
==================== TIMER SUMMARY =========================================
label               	calls     	total time	mean time 
----------------------------------------------
                 dot	        28	0.00658233	0.000235083
                init	        48	0.00645234	0.000134424
============================================================================
Time taken by dot for n = 300000 and p = 8
==================== TIMER SUMMARY =========================================
label               	calls     	total time	mean time 
----------------------------------------------
                 dot	        30	0.00668558	0.000222853
                init	        48	0.00645234	0.000134424
============================================================================
Time taken by dot for n = 30000 and p = 9
==================== TIMER SUMMARY =========================================
label               	calls     	total time	mean time 
----------------------------------------------
                 dot	        32	0.00741135	0.000231605
                init	        48	0.00645234	0.000134424
============================================================================
Time taken by dot for n = 300000 and p = 9
==================== TIMER SUMMARY =========================================
label               	calls     	total time	mean time 
----------------------------------------------
                 dot	        34	0.00751717	0.000221093
                init	        48	0.00645234	0.000134424
============================================================================
Time taken by dot for n = 30000 and p = 10
==================== TIMER SUMMARY =========================================
label               	calls     	total time	mean time 
----------------------------------------------
                 dot	        36	0.00821223	0.000228117
                init	        48	0.00645234	0.000134424
============================================================================
Time taken by dot for n = 300000 and p = 10
==================== TIMER SUMMARY =========================================
label               	calls     	total time	mean time 
----------------------------------------------
                 dot	        38	 0.0083069	0.000218603
                init	        48	0.00645234	0.000134424
============================================================================
Time taken by dot for n = 30000 and p = 11
==================== TIMER SUMMARY =========================================
label               	calls     	total time	mean time 
----------------------------------------------
                 dot	        40	0.00900452	0.000225113
                init	        48	0.00645234	0.000134424
============================================================================
Time taken by dot for n = 300000 and p = 11
==================== TIMER SUMMARY =========================================
label               	calls     	total time	mean time 
----------------------------------------------
                 dot	        42	0.00909678	0.00021659
                init	        48	0.00645234	0.000134424
============================================================================
Time taken by dot for n = 30000 and p = 12
==================== TIMER SUMMARY =========================================
label               	calls     	total time	mean time 
----------------------------------------------
                 dot	        44	0.00977125	0.000222074
                init	        48	0.00645234	0.000134424
============================================================================
Time taken by dot for n = 300000 and p = 12
==================== TIMER SUMMARY =========================================
label               	calls     	total time	mean time 
----------------------------------------------
                 dot	        46	0.00986409	0.000214437
                init	        48	0.00645234	0.000134424
============================================================================
Time taken by axpby for n = 30000 and p = 1
==================== TIMER SUMMARY =========================================
label               	calls     	total time	mean time 
----------------------------------------------
                 dot	        48	 0.0105355	0.000219489
                init	        48	0.00645234	0.000134424
============================================================================
Time taken by axpby for n = 300000 and p = 1
==================== TIMER SUMMARY =========================================
label               	calls     	total time	mean time 
----------------------------------------------
               axpby	         2	0.000122661	6.13304e-05
                 dot	        48	 0.0105355	0.000219489
                init	        48	0.00645234	0.000134424
============================================================================
Time taken by axpby for n = 30000 and p = 2
==================== TIMER SUMMARY =========================================
label               	calls     	total time	mean time 
----------------------------------------------
               axpby	         4	0.000914795	0.000228699
                 dot	        48	 0.0105355	0.000219489
                init	        48	0.00645234	0.000134424
============================================================================
Time taken by axpby for n = 300000 and p = 2
==================== TIMER SUMMARY =========================================
label               	calls     	total time	mean time 
----------------------------------------------
               axpby	         6	0.000989866	0.000164978
                 dot	        48	 0.0105355	0.000219489
                init	        48	0.00645234	0.000134424
============================================================================
Time taken by axpby for n = 30000 and p = 3
==================== TIMER SUMMARY =========================================
label               	calls     	total time	mean time 
----------------------------------------------
               axpby	         8	0.00146283	0.000182853
                 dot	        48	 0.0105355	0.000219489
                init	        48	0.00645234	0.000134424
============================================================================
Time taken by axpby for n = 300000 and p = 3
==================== TIMER SUMMARY =========================================
label               	calls     	total time	mean time 
----------------------------------------------
               axpby	        10	0.00157721	0.000157721
                 dot	        48	 0.0105355	0.000219489
                init	        48	0.00645234	0.000134424
============================================================================
Time taken by axpby for n = 30000 and p = 4
==================== TIMER SUMMARY =========================================
label               	calls     	total time	mean time 
----------------------------------------------
               axpby	        12	0.00195718	0.000163098
                 dot	        48	 0.0105355	0.000219489
                init	        48	0.00645234	0.000134424
============================================================================
Time taken by axpby for n = 300000 and p = 4
==================== TIMER SUMMARY =========================================
label               	calls     	total time	mean time 
----------------------------------------------
               axpby	        14	0.00205865	0.000147046
                 dot	        48	 0.0105355	0.000219489
                init	        48	0.00645234	0.000134424
============================================================================
Time taken by axpby for n = 30000 and p = 5
==================== TIMER SUMMARY =========================================
label               	calls     	total time	mean time 
----------------------------------------------
               axpby	        16	0.00241085	0.000150678
                 dot	        48	 0.0105355	0.000219489
                init	        48	0.00645234	0.000134424
============================================================================
Time taken by axpby for n = 300000 and p = 5
==================== TIMER SUMMARY =========================================
label               	calls     	total time	mean time 
----------------------------------------------
               axpby	        18	0.00255453	0.000141918
                 dot	        48	 0.0105355	0.000219489
                init	        48	0.00645234	0.000134424
============================================================================
Time taken by axpby for n = 30000 and p = 6
==================== TIMER SUMMARY =========================================
label               	calls     	total time	mean time 
----------------------------------------------
               axpby	        20	 0.0029363	0.000146815
                 dot	        48	 0.0105355	0.000219489
                init	        48	0.00645234	0.000134424
============================================================================
Time taken by axpby for n = 300000 and p = 6
==================== TIMER SUMMARY =========================================
label               	calls     	total time	mean time 
----------------------------------------------
               axpby	        22	0.00305699	0.000138954
                 dot	        48	 0.0105355	0.000219489
                init	        48	0.00645234	0.000134424
============================================================================
Time taken by axpby for n = 30000 and p = 7
==================== TIMER SUMMARY =========================================
label               	calls     	total time	mean time 
----------------------------------------------
               axpby	        24	0.00343345	0.000143061
                 dot	        48	 0.0105355	0.000219489
                init	        48	0.00645234	0.000134424
============================================================================
Time taken by axpby for n = 300000 and p = 7
==================== TIMER SUMMARY =========================================
label               	calls     	total time	mean time 
----------------------------------------------
               axpby	        26	0.00354336	0.000136283
                 dot	        48	 0.0105355	0.000219489
                init	        48	0.00645234	0.000134424
============================================================================
Time taken by axpby for n = 30000 and p = 8
==================== TIMER SUMMARY =========================================
label               	calls     	total time	mean time 
----------------------------------------------
               axpby	        28	0.00391716	0.000139899
                 dot	        48	 0.0105355	0.000219489
                init	        48	0.00645234	0.000134424
============================================================================
Time taken by axpby for n = 300000 and p = 8
==================== TIMER SUMMARY =========================================
label               	calls     	total time	mean time 
----------------------------------------------
               axpby	        30	 0.0040324	0.000134413
                 dot	        48	 0.0105355	0.000219489
                init	        48	0.00645234	0.000134424
============================================================================
Time taken by axpby for n = 30000 and p = 9
==================== TIMER SUMMARY =========================================
label               	calls     	total time	mean time 
----------------------------------------------
               axpby	        32	0.00440764	0.000137739
                 dot	        48	 0.0105355	0.000219489
                init	        48	0.00645234	0.000134424
============================================================================
Time taken by axpby for n = 300000 and p = 9
==================== TIMER SUMMARY =========================================
label               	calls     	total time	mean time 
----------------------------------------------
               axpby	        34	0.00451584	0.000132819
                 dot	        48	 0.0105355	0.000219489
                init	        48	0.00645234	0.000134424
============================================================================
Time taken by axpby for n = 30000 and p = 10
==================== TIMER SUMMARY =========================================
label               	calls     	total time	mean time 
----------------------------------------------
               axpby	        36	0.00489635	0.00013601
                 dot	        48	 0.0105355	0.000219489
                init	        48	0.00645234	0.000134424
============================================================================
Time taken by axpby for n = 300000 and p = 10
==================== TIMER SUMMARY =========================================
label               	calls     	total time	mean time 
----------------------------------------------
               axpby	        38	0.00499631	0.000131482
                 dot	        48	 0.0105355	0.000219489
                init	        48	0.00645234	0.000134424
============================================================================
Time taken by axpby for n = 30000 and p = 11
==================== TIMER SUMMARY =========================================
label               	calls     	total time	mean time 
----------------------------------------------
               axpby	        40	0.00535799	0.00013395
                 dot	        48	 0.0105355	0.000219489
                init	        48	0.00645234	0.000134424
============================================================================
Time taken by axpby for n = 300000 and p = 11
==================== TIMER SUMMARY =========================================
label               	calls     	total time	mean time 
----------------------------------------------
               axpby	        42	0.00545135	0.000129794
                 dot	        48	 0.0105355	0.000219489
                init	        48	0.00645234	0.000134424
============================================================================
Time taken by axpby for n = 30000 and p = 12
==================== TIMER SUMMARY =========================================
label               	calls     	total time	mean time 
----------------------------------------------
               axpby	        44	0.00580239	0.000131872
                 dot	        48	 0.0105355	0.000219489
                init	        48	0.00645234	0.000134424
============================================================================
Time taken by axpby for n = 300000 and p = 12
==================== TIMER SUMMARY =========================================
label               	calls     	total time	mean time 
----------------------------------------------
               axpby	        46	0.00590671	0.000128407
                 dot	        48	 0.0105355	0.000219489
                init	        48	0.00645234	0.000134424
============================================================================
Time taken by apply_stencil3d for n = 30000 and p = 1
terminate called after throwing an instance of 'std::bad_array_new_length'
  what():  std::bad_array_new_length
